#-----------------------------------------------------------
# Vivado v2020.1 (64-bit)
# SW Build 2902540 on Wed May 27 19:54:49 MDT 2020
# IP Build 2902112 on Wed May 27 22:43:36 MDT 2020
# Start of session at: Tue Oct 18 00:50:24 2022
# Process ID: 25812
# Current directory: C:/Users/kccistc/Documents/카카오톡 받은 파일/fnd_/Upcounter2
# Command line: vivado.exe -gui_launcher_event rodinguilauncherevent23592 C:\Users\kccistc\Documents\카카오톡 받은 파일\fnd_\Upcounter2\Upcounter2.xpr
# Log file: C:/Users/kccistc/Documents/카카오톡 받은 파일/fnd_/Upcounter2/vivado.log
# Journal file: C:/Users/kccistc/Documents/카카오톡 받은 파일/fnd_/Upcounter2\vivado.jou
#-----------------------------------------------------------
start_gui
open_project {C:/Users/kccistc/Documents/카카오톡 받은 파일/fnd_/Upcounter2/Upcounter2.xpr}
INFO: [Project 1-313] Project file moved from 'D:/xilinx_2020/Upcounter2' since last save.
Scanning sources...
Finished scanning sources
CRITICAL WARNING: [Board 49-67] The board_part definition was not found for digilentinc.com:basys3:part0:1.1. This can happen sometimes when you use custom board part. You can resolve this issue by setting 'board.repoPaths' parameter, pointing to the location of custom board files. Valid board_part values can be retrieved with the 'get_board_parts' Tcl command.
INFO: [IP_Flow 19-234] Refreshing IP repositories
INFO: [IP_Flow 19-1700] Loaded user IP repository 'c:/Users/kccistc/Documents/카카오톡 받은 파일/fnd_/IP_Repository'.
INFO: [IP_Flow 19-2313] Loaded Vivado IP repository 'D:/real/Vivado/2020.1/data/ip'.
open_project: Time (s): cpu = 00:00:19 ; elapsed = 00:00:13 . Memory (MB): peak = 1073.336 ; gain = 0.000
update_compile_order -fileset sources_1
reset_run impl_1 -prev_step 
launch_runs impl_1 -to_step write_bitstream -jobs 4
[Tue Oct 18 00:51:18 2022] Launched impl_1...
Run output will be captured here: C:/Users/kccistc/Documents/카카오톡 받은 파일/fnd_/Upcounter2/Upcounter2.runs/impl_1/runme.log
open_hw_manager
open_hw_manager: Time (s): cpu = 00:00:05 ; elapsed = 00:00:05 . Memory (MB): peak = 1133.590 ; gain = 0.000
connect_hw_server -allow_non_jtag
INFO: [Labtools 27-2285] Connecting to hw_server url TCP:localhost:3121
INFO: [Labtools 27-2222] Launching hw_server...
INFO: [Labtools 27-2221] Launch Output:

****** Xilinx hw_server v2020.1
  **** Build date : May 27 2020 at 20:24:38
    ** Copyright 1986-2020 Xilinx, Inc. All Rights Reserved.


INFO: [Labtools 27-3415] Connecting to cs_server url TCP:localhost:3042
INFO: [Labtools 27-3417] Launching cs_server...
INFO: [Labtools 27-2221] Launch Output:


****** Xilinx cs_server v2020.1.0
  **** Build date : May 14 2020-10:10:29
    ** Copyright 2017-2020 Xilinx, Inc. All Rights Reserved.



connect_hw_server: Time (s): cpu = 00:00:01 ; elapsed = 00:00:10 . Memory (MB): peak = 1133.590 ; gain = 0.000
open_hw_target
INFO: [Labtoolstcl 44-466] Opening hw_target localhost:3121/xilinx_tcf/Digilent/210183B3122FA
open_hw_target: Time (s): cpu = 00:00:08 ; elapsed = 00:00:07 . Memory (MB): peak = 2403.668 ; gain = 1270.168
set_property PROGRAM.FILE {C:/Users/kccistc/Documents/카카오톡 받은 파일/fnd_/Upcounter2/Upcounter2.runs/impl_1/upcounter.bit} [get_hw_devices xc7a35t_0]
current_hw_device [get_hw_devices xc7a35t_0]
refresh_hw_device -update_hw_probes false [lindex [get_hw_devices xc7a35t_0] 0]
INFO: [Labtools 27-1435] Device xc7a35t (JTAG device index = 0) is not programmed (DONE status = 0).
ERROR: [Labtoolstcl 44-513] HW Target shutdown. Closing target: localhost:3121/xilinx_tcf/Digilent/210183B3122FA
